4/6/2019 6:23:27 PM	This log contains information about the import schema operation into project 'WACore._SQL' on computer 'DESKTOP-RBAI9QA' by user 'Cesar'.
4/6/2019 6:23:27 PM	Import of database schema has started.
4/6/2019 6:23:31 PM	Gathering database credentials
4/6/2019 6:23:31 PM	Gathering database options
4/6/2019 6:23:31 PM	Gathering generic database scoped configuration option
4/6/2019 6:23:31 PM	Gathering users
4/6/2019 6:23:31 PM	Gathering roles
4/6/2019 6:23:31 PM	Gathering application roles
4/6/2019 6:23:31 PM	Gathering role memberships
4/6/2019 6:23:31 PM	Gathering filegroups
4/6/2019 6:23:31 PM	Gathering files
4/6/2019 6:23:31 PM	Gathering full-text catalogs
4/6/2019 6:23:31 PM	Gathering assemblies
4/6/2019 6:23:31 PM	Gathering certificates
4/6/2019 6:23:31 PM	Gathering asymmetric keys
4/6/2019 6:23:31 PM	Gathering symmetric keys
4/6/2019 6:23:31 PM	Gathering encrypted symmetric keys
4/6/2019 6:23:31 PM	Gathering database encryption keys
4/6/2019 6:23:31 PM	Gathering schemas
4/6/2019 6:23:31 PM	Gathering XML schema collections
4/6/2019 6:23:31 PM	Gathering user-defined data types
4/6/2019 6:23:31 PM	Gathering user-defined types
4/6/2019 6:23:31 PM	Gathering table types
4/6/2019 6:23:31 PM	Gathering unique keys for table types
4/6/2019 6:23:31 PM	Gathering primary keys for table types
4/6/2019 6:23:31 PM	Gathering indexes for table types
4/6/2019 6:23:31 PM	Gathering check constraints for table types
4/6/2019 6:23:31 PM	Gathering default constraints for table types
4/6/2019 6:23:31 PM	Gathering partition functions
4/6/2019 6:23:31 PM	Gathering partition schemes
4/6/2019 6:23:31 PM	Gathering functions
4/6/2019 6:23:31 PM	Gathering encrypted functions
4/6/2019 6:23:31 PM	Gathering aggregates
4/6/2019 6:23:31 PM	Gathering procedures
4/6/2019 6:23:31 PM	Gathering encrypted procedures
4/6/2019 6:23:31 PM	Gathering tables
4/6/2019 6:23:31 PM	Gathering primary keys
4/6/2019 6:23:31 PM	Gathering unique constraints
4/6/2019 6:23:31 PM	Gathering foreign keys
4/6/2019 6:23:31 PM	Gathering default constraints
4/6/2019 6:23:31 PM	Gathering check constraints
4/6/2019 6:23:31 PM	Gathering views
4/6/2019 6:23:31 PM	Gathering encrypted views
4/6/2019 6:23:31 PM	Gathering indexes
4/6/2019 6:23:31 PM	Gathering statistics
4/6/2019 6:23:31 PM	Gathering full-text index stoplists
4/6/2019 6:23:31 PM	Gathering search property lists
4/6/2019 6:23:31 PM	Gathering search properties
4/6/2019 6:23:31 PM	Gathering full-text indexes
4/6/2019 6:23:31 PM	Gathering column store indexes
4/6/2019 6:23:31 PM	Gathering spatial indexes
4/6/2019 6:23:31 PM	Gathering XML indexes
4/6/2019 6:23:31 PM	Gathering Selective XML indexes
4/6/2019 6:23:31 PM	Gathering encrypted triggers
4/6/2019 6:23:31 PM	Gathering triggers
4/6/2019 6:23:31 PM	Gathering encrypted and clr ddl triggers
4/6/2019 6:23:31 PM	Gathering ddl triggers
4/6/2019 6:23:31 PM	Gathering synonyms
4/6/2019 6:23:32 PM	Gathering defaults
4/6/2019 6:23:32 PM	Gathering data constraint uddt bindings
4/6/2019 6:23:32 PM	Gathering rules
4/6/2019 6:23:32 PM	Gathering data constraint uddt bindings
4/6/2019 6:23:32 PM	Gathering message types
4/6/2019 6:23:32 PM	Gathering queues
4/6/2019 6:23:32 PM	Gathering contracts
4/6/2019 6:23:32 PM	Gathering services
4/6/2019 6:23:32 PM	Gathering routes
4/6/2019 6:23:32 PM	Gathering event notifications
4/6/2019 6:23:32 PM	Gathering remote service bindings
4/6/2019 6:23:32 PM	Gathering broker priorities
4/6/2019 6:23:32 PM	Gathering database audit specifications
4/6/2019 6:23:32 PM	Gathering signatures
4/6/2019 6:23:32 PM	Gathering data compression options
4/6/2019 6:23:32 PM	Gathering sequence types
4/6/2019 6:23:32 PM	Gathering security policies
4/6/2019 6:23:32 PM	Gather column encryption keys
4/6/2019 6:23:32 PM	Gathering column master keys
4/6/2019 6:23:32 PM	Gathering external data sources
4/6/2019 6:23:32 PM	Gathering external file formats
4/6/2019 6:23:32 PM	Gathering external tables
4/6/2019 6:23:32 PM	Gathering extended properties
4/6/2019 6:23:32 PM	Scanning project for duplicate elements
4/6/2019 6:23:32 PM	Finished duplicate element processing
4/6/2019 6:23:32 PM	Finished importing database.
4/6/2019 6:23:32 PM	A summary of the import was saved to the following location: F:\source_git\WACore\WACore._SQL\Import Schema Logs\WACore._SQL_20190406112327.log
4/6/2019 6:23:32 PM	Click Finish to continue...
